<?xml version="1.0" encoding="UTF-8"?>
<!-- Generated by org.testng.reporters.JUnitXMLReporter -->
<testsuite ignored="56" hostname="ZA-5CD1514QVX" failures="0" tests="4" name="Test" time="99.651" errors="0" timestamp="2022-09-21T04:28:54 CAT">
  <testcase classname="tests.TestCase2_invalidLogin" name="loginWithInvalidPassword" time="9.396"/>
  <testcase classname="tests.TestCase17_RemoveFromCart" name="RemoveFromCart" time="13.012"/>
  <testcase classname="tests.TestCase19_invalidEmail" name="LoginWithInvalidEmail" time="3.755"/>
  <testcase classname="tests.TestCase15_editAddress" name="editAddress" time="31.028"/>
  <testcase classname="tests.BaseClass" name="@AfterSuite reportTearDown" time="0.0">
    <ignored/>
  </testcase> <!-- @AfterSuite reportTearDown -->
  <testcase classname="tests.TestCase20_Signout" name="Signout" time="0.0">
    <ignored/>
  </testcase> <!-- Signout -->
  <testcase classname="tests.TestCase16_DeleteAddress" name="DeleteAddress" time="0.0">
    <ignored/>
  </testcase> <!-- DeleteAddress -->
  <testcase classname="tests.TestCase6_myAmazon" name="myAmazon" time="0.0">
    <ignored/>
  </testcase> <!-- myAmazon -->
  <testcase classname="tests.BaseClass" name="@BeforeSuite reportSetup" time="0.0">
    <ignored/>
  </testcase> <!-- @BeforeSuite reportSetup -->
  <testcase classname="tests.TestCase18_returnOrder" name="ReturnOrder" time="0.0">
    <ignored/>
  </testcase> <!-- ReturnOrder -->
  <testcase classname="tests.TestCase1_login" name="loginTest" time="0.0">
    <ignored/>
  </testcase> <!-- loginTest -->
  <testcase classname="tests.BaseClass" name="@BeforeSuite reportSetup" time="0.0">
    <ignored/>
  </testcase> <!-- @BeforeSuite reportSetup -->
  <testcase classname="tests.BaseClass" name="@BeforeSuite reportSetup" time="0.0">
    <ignored/>
  </testcase> <!-- @BeforeSuite reportSetup -->
  <testcase classname="tests.TestCase10_Registry" name="Registry" time="0.0">
    <ignored/>
  </testcase> <!-- Registry -->
  <testcase classname="tests.BaseClass" name="@BeforeSuite reportSetup" time="0.0">
    <ignored/>
  </testcase> <!-- @BeforeSuite reportSetup -->
  <testcase classname="tests.BaseClass" name="@BeforeSuite reportSetup" time="0.0">
    <ignored/>
  </testcase> <!-- @BeforeSuite reportSetup -->
  <testcase classname="tests.TestCase11_BrowserHistory" name="BrowserHistory" time="0.0">
    <ignored/>
  </testcase> <!-- BrowserHistory -->
  <testcase classname="tests.BaseClass" name="@AfterSuite reportTearDown" time="0.0">
    <ignored/>
  </testcase> <!-- @AfterSuite reportTearDown -->
  <testcase classname="tests.BaseClass" name="@AfterSuite reportTearDown" time="0.0">
    <ignored/>
  </testcase> <!-- @AfterSuite reportTearDown -->
  <testcase classname="tests.BaseClass" name="@AfterSuite reportTearDown" time="0.0">
    <ignored/>
  </testcase> <!-- @AfterSuite reportTearDown -->
  <testcase classname="tests.BaseClass" name="@BeforeSuite reportSetup" time="0.0">
    <ignored/>
  </testcase> <!-- @BeforeSuite reportSetup -->
  <testcase classname="tests.TestCase3_searchButton" name="search" time="0.0">
    <ignored/>
  </testcase> <!-- search -->
  <testcase classname="tests.BaseClass" name="@AfterSuite reportTearDown" time="0.0">
    <ignored/>
  </testcase> <!-- @AfterSuite reportTearDown -->
  <testcase classname="tests.BaseClass" name="@BeforeSuite reportSetup" time="0.0">
    <ignored/>
  </testcase> <!-- @BeforeSuite reportSetup -->
  <testcase classname="tests.BaseClass" name="@AfterSuite reportTearDown" time="0.0">
    <ignored/>
  </testcase> <!-- @AfterSuite reportTearDown -->
  <testcase classname="tests.TestCase4_addToCart" name="addToCart" time="0.0">
    <ignored/>
  </testcase> <!-- addToCart -->
  <testcase classname="tests.TestCase14_addAddress" name="AddAddress" time="0.0">
    <ignored/>
  </testcase> <!-- AddAddress -->
  <testcase classname="tests.BaseClass" name="@AfterSuite reportTearDown" time="0.0">
    <ignored/>
  </testcase> <!-- @AfterSuite reportTearDown -->
  <testcase classname="tests.BaseClass" name="@AfterSuite reportTearDown" time="0.0">
    <ignored/>
  </testcase> <!-- @AfterSuite reportTearDown -->
  <testcase classname="tests.BaseClass" name="@BeforeSuite reportSetup" time="0.0">
    <ignored/>
  </testcase> <!-- @BeforeSuite reportSetup -->
  <testcase classname="tests.BaseClass" name="@BeforeSuite reportSetup" time="0.0">
    <ignored/>
  </testcase> <!-- @BeforeSuite reportSetup -->
  <testcase classname="tests.BaseClass" name="@BeforeSuite reportSetup" time="0.0">
    <ignored/>
  </testcase> <!-- @BeforeSuite reportSetup -->
  <testcase classname="tests.BaseClass" name="@AfterSuite reportTearDown" time="0.0">
    <ignored/>
  </testcase> <!-- @AfterSuite reportTearDown -->
  <testcase classname="tests.BaseClass" name="@BeforeSuite reportSetup" time="0.0">
    <ignored/>
  </testcase> <!-- @BeforeSuite reportSetup -->
  <testcase classname="tests.TestCase13_SelectAddress" name="SelectAddress" time="0.0">
    <ignored/>
  </testcase> <!-- SelectAddress -->
  <testcase classname="tests.BaseClass" name="@AfterSuite reportTearDown" time="0.0">
    <ignored/>
  </testcase> <!-- @AfterSuite reportTearDown -->
  <testcase classname="tests.BaseClass" name="@AfterSuite reportTearDown" time="0.0">
    <ignored/>
  </testcase> <!-- @AfterSuite reportTearDown -->
  <testcase classname="tests.BaseClass" name="@BeforeSuite reportSetup" time="0.0">
    <ignored/>
  </testcase> <!-- @BeforeSuite reportSetup -->
  <testcase classname="tests.TestCase9_CustomerServices" name="CustomerServices" time="0.0">
    <ignored/>
  </testcase> <!-- CustomerServices -->
  <testcase classname="tests.BaseClass" name="@AfterSuite reportTearDown" time="0.0">
    <ignored/>
  </testcase> <!-- @AfterSuite reportTearDown -->
  <testcase classname="tests.BaseClass" name="@AfterSuite reportTearDown" time="0.0">
    <ignored/>
  </testcase> <!-- @AfterSuite reportTearDown -->
  <testcase classname="tests.BaseClass" name="@AfterSuite reportTearDown" time="0.0">
    <ignored/>
  </testcase> <!-- @AfterSuite reportTearDown -->
  <testcase classname="tests.BaseClass" name="@BeforeSuite reportSetup" time="0.0">
    <ignored/>
  </testcase> <!-- @BeforeSuite reportSetup -->
  <testcase classname="tests.TestCase7_BuyAgain" name="BuyAgain" time="0.0">
    <ignored/>
  </testcase> <!-- BuyAgain -->
  <testcase classname="tests.BaseClass" name="@BeforeSuite reportSetup" time="0.0">
    <ignored/>
  </testcase> <!-- @BeforeSuite reportSetup -->
  <testcase classname="tests.BaseClass" name="@BeforeSuite reportSetup" time="0.0">
    <ignored/>
  </testcase> <!-- @BeforeSuite reportSetup -->
  <testcase classname="tests.BaseClass" name="@BeforeSuite reportSetup" time="0.0">
    <ignored/>
  </testcase> <!-- @BeforeSuite reportSetup -->
  <testcase classname="tests.BaseClass" name="@AfterSuite reportTearDown" time="0.0">
    <ignored/>
  </testcase> <!-- @AfterSuite reportTearDown -->
  <testcase classname="tests.BaseClass" name="@AfterSuite reportTearDown" time="0.0">
    <ignored/>
  </testcase> <!-- @AfterSuite reportTearDown -->
  <testcase classname="tests.BaseClass" name="@AfterSuite reportTearDown" time="0.0">
    <ignored/>
  </testcase> <!-- @AfterSuite reportTearDown -->
  <testcase classname="tests.TestCase12_Sell" name="Sell" time="0.0">
    <ignored/>
  </testcase> <!-- Sell -->
  <testcase classname="tests.TestCase5_TodaysDeals" name="todaysDeals" time="0.0">
    <ignored/>
  </testcase> <!-- todaysDeals -->
  <testcase classname="tests.BaseClass" name="@AfterSuite reportTearDown" time="0.0">
    <ignored/>
  </testcase> <!-- @AfterSuite reportTearDown -->
  <testcase classname="tests.BaseClass" name="@BeforeSuite reportSetup" time="0.0">
    <ignored/>
  </testcase> <!-- @BeforeSuite reportSetup -->
  <testcase classname="tests.BaseClass" name="@BeforeSuite reportSetup" time="0.0">
    <ignored/>
  </testcase> <!-- @BeforeSuite reportSetup -->
  <testcase classname="tests.TestCase8_GiftCards" name="GiftCards" time="0.0">
    <ignored/>
  </testcase> <!-- GiftCards -->
  <testcase classname="tests.BaseClass" name="@AfterSuite reportTearDown" time="0.0">
    <ignored/>
  </testcase> <!-- @AfterSuite reportTearDown -->
  <testcase classname="tests.BaseClass" name="@BeforeSuite reportSetup" time="0.0">
    <ignored/>
  </testcase> <!-- @BeforeSuite reportSetup -->
  <testcase classname="tests.BaseClass" name="@BeforeSuite reportSetup" time="0.0">
    <ignored/>
  </testcase> <!-- @BeforeSuite reportSetup -->
  <testcase classname="tests.BaseClass" name="@AfterSuite reportTearDown" time="0.0">
    <ignored/>
  </testcase> <!-- @AfterSuite reportTearDown -->
</testsuite> <!-- Test -->
