<?xml version="1.0" encoding="UTF-8"?>
<testng-results ignored="56" total="60" passed="4" failed="0" skipped="0">
  <reporter-output>
  </reporter-output>
  <suite started-at="2022-09-21T04:32:55 CAT" name="Suite" finished-at="2022-09-21T04:34:20 CAT" duration-ms="85048">
    <groups>
      <group name="smoke">
        <method signature="TestCase2_invalidLogin.loginWithInvalidPassword()[pri:2, instance:tests.TestCase2_invalidLogin@649725e3]" name="loginWithInvalidPassword" class="tests.TestCase2_invalidLogin"/>
        <method signature="TestCase15_editAddress.editAddress()[pri:15, instance:tests.TestCase15_editAddress@77192705]" name="editAddress" class="tests.TestCase15_editAddress"/>
        <method signature="TestCase17_RemoveFromCart.RemoveFromCart()[pri:17, instance:tests.TestCase17_RemoveFromCart@4c168660]" name="RemoveFromCart" class="tests.TestCase17_RemoveFromCart"/>
        <method signature="TestCase19_invalidEmail.LoginWithInvalidEmail()[pri:19, instance:tests.TestCase19_invalidEmail@fd0e5b6]" name="LoginWithInvalidEmail" class="tests.TestCase19_invalidEmail"/>
      </group> <!-- smoke -->
      <group name="BaseClss">
        <method signature="TestCase2_invalidLogin.loginWithInvalidPassword()[pri:2, instance:tests.TestCase2_invalidLogin@649725e3]" name="loginWithInvalidPassword" class="tests.TestCase2_invalidLogin"/>
        <method signature="TestCase15_editAddress.editAddress()[pri:15, instance:tests.TestCase15_editAddress@77192705]" name="editAddress" class="tests.TestCase15_editAddress"/>
        <method signature="TestCase17_RemoveFromCart.RemoveFromCart()[pri:17, instance:tests.TestCase17_RemoveFromCart@4c168660]" name="RemoveFromCart" class="tests.TestCase17_RemoveFromCart"/>
        <method signature="TestCase19_invalidEmail.LoginWithInvalidEmail()[pri:19, instance:tests.TestCase19_invalidEmail@fd0e5b6]" name="LoginWithInvalidEmail" class="tests.TestCase19_invalidEmail"/>
      </group> <!-- BaseClss -->
    </groups>
    <test started-at="2022-09-21T04:32:55 CAT" name="Test" finished-at="2022-09-21T04:34:20 CAT" duration-ms="85048">
      <class name="tests.TestCase15_editAddress">
        <test-method is-config="true" signature="Setup()[pri:0, instance:tests.TestCase15_editAddress@77192705]" started-at="2022-09-21T04:33:53 CAT" name="Setup" finished-at="2022-09-21T04:34:01 CAT" duration-ms="7777" status="PASS">
          <reporter-output>
          </reporter-output>
        </test-method> <!-- Setup -->
        <test-method signature="editAddress()[pri:15, instance:tests.TestCase15_editAddress@77192705]" started-at="2022-09-21T04:34:01 CAT" name="editAddress" finished-at="2022-09-21T04:34:18 CAT" duration-ms="17363" status="PASS">
          <reporter-output>
          </reporter-output>
        </test-method> <!-- editAddress -->
        <test-method is-config="true" signature="tearDown()[pri:0, instance:tests.TestCase15_editAddress@77192705]" started-at="2022-09-21T04:34:18 CAT" name="tearDown" finished-at="2022-09-21T04:34:20 CAT" duration-ms="1327" status="PASS">
          <reporter-output>
          </reporter-output>
        </test-method> <!-- tearDown -->
      </class> <!-- tests.TestCase15_editAddress -->
      <class name="tests.TestCase12_Sell">
        <test-method is-config="true" signature="reportSetup()[pri:0, instance:tests.TestCase12_Sell@592e843a]" started-at="2022-09-21T04:32:54 CAT" name="reportSetup" finished-at="2022-09-21T04:32:55 CAT" duration-ms="356" status="PASS">
          <reporter-output>
          </reporter-output>
        </test-method> <!-- reportSetup -->
        <test-method is-config="true" signature="reportTearDown()[pri:0, instance:tests.TestCase12_Sell@592e843a]" started-at="2022-09-21T04:34:20 CAT" name="reportTearDown" finished-at="2022-09-21T04:34:20 CAT" duration-ms="617" status="PASS">
          <reporter-output>
          </reporter-output>
        </test-method> <!-- reportTearDown -->
      </class> <!-- tests.TestCase12_Sell -->
      <class name="tests.TestCase2_invalidLogin">
        <test-method is-config="true" signature="Setup()[pri:0, instance:tests.TestCase2_invalidLogin@649725e3]" started-at="2022-09-21T04:32:55 CAT" name="Setup" finished-at="2022-09-21T04:33:06 CAT" duration-ms="11520" status="PASS">
          <reporter-output>
          </reporter-output>
        </test-method> <!-- Setup -->
        <test-method signature="loginWithInvalidPassword()[pri:2, instance:tests.TestCase2_invalidLogin@649725e3]" started-at="2022-09-21T04:33:06 CAT" name="loginWithInvalidPassword" finished-at="2022-09-21T04:33:14 CAT" duration-ms="8179" status="PASS">
          <reporter-output>
          </reporter-output>
        </test-method> <!-- loginWithInvalidPassword -->
        <test-method is-config="true" signature="tearDown()[pri:0, instance:tests.TestCase2_invalidLogin@649725e3]" started-at="2022-09-21T04:33:14 CAT" name="tearDown" finished-at="2022-09-21T04:33:16 CAT" duration-ms="1303" status="PASS">
          <reporter-output>
          </reporter-output>
        </test-method> <!-- tearDown -->
      </class> <!-- tests.TestCase2_invalidLogin -->
      <class name="tests.TestCase17_RemoveFromCart">
        <test-method is-config="true" signature="Setup()[pri:0, instance:tests.TestCase17_RemoveFromCart@4c168660]" started-at="2022-09-21T04:33:16 CAT" name="Setup" finished-at="2022-09-21T04:33:24 CAT" duration-ms="8236" status="PASS">
          <reporter-output>
          </reporter-output>
        </test-method> <!-- Setup -->
        <test-method signature="RemoveFromCart()[pri:17, instance:tests.TestCase17_RemoveFromCart@4c168660]" started-at="2022-09-21T04:33:24 CAT" name="RemoveFromCart" finished-at="2022-09-21T04:33:39 CAT" duration-ms="14868" status="PASS">
          <reporter-output>
          </reporter-output>
        </test-method> <!-- RemoveFromCart -->
        <test-method is-config="true" signature="tearDown()[pri:0, instance:tests.TestCase17_RemoveFromCart@4c168660]" started-at="2022-09-21T04:33:39 CAT" name="tearDown" finished-at="2022-09-21T04:33:40 CAT" duration-ms="1480" status="PASS">
          <reporter-output>
          </reporter-output>
        </test-method> <!-- tearDown -->
      </class> <!-- tests.TestCase17_RemoveFromCart -->
      <class name="tests.TestCase19_invalidEmail">
        <test-method is-config="true" signature="Setup()[pri:0, instance:tests.TestCase19_invalidEmail@fd0e5b6]" started-at="2022-09-21T04:33:40 CAT" name="Setup" finished-at="2022-09-21T04:33:48 CAT" duration-ms="7800" status="PASS">
          <reporter-output>
          </reporter-output>
        </test-method> <!-- Setup -->
        <test-method signature="LoginWithInvalidEmail()[pri:19, instance:tests.TestCase19_invalidEmail@fd0e5b6]" started-at="2022-09-21T04:33:48 CAT" name="LoginWithInvalidEmail" finished-at="2022-09-21T04:33:52 CAT" duration-ms="3788" status="PASS">
          <reporter-output>
          </reporter-output>
        </test-method> <!-- LoginWithInvalidEmail -->
        <test-method is-config="true" signature="tearDown()[pri:0, instance:tests.TestCase19_invalidEmail@fd0e5b6]" started-at="2022-09-21T04:33:52 CAT" name="tearDown" finished-at="2022-09-21T04:33:53 CAT" duration-ms="1315" status="PASS">
          <reporter-output>
          </reporter-output>
        </test-method> <!-- tearDown -->
      </class> <!-- tests.TestCase19_invalidEmail -->
    </test> <!-- Test -->
  </suite> <!-- Suite -->
</testng-results>
