<?xml version="1.0" encoding="UTF-8"?>
<testng-results ignored="56" total="60" passed="4" failed="0" skipped="0">
  <reporter-output>
  </reporter-output>
  <suite started-at="2022-09-21T04:27:14 CAT" name="Suite" finished-at="2022-09-21T04:28:54 CAT" duration-ms="99651">
    <groups>
      <group name="smoke">
        <method signature="TestCase2_invalidLogin.loginWithInvalidPassword()[pri:2, instance:tests.TestCase2_invalidLogin@439a8f59]" name="loginWithInvalidPassword" class="tests.TestCase2_invalidLogin"/>
        <method signature="TestCase15_editAddress.editAddress()[pri:15, instance:tests.TestCase15_editAddress@6c6357f9]" name="editAddress" class="tests.TestCase15_editAddress"/>
        <method signature="TestCase17_RemoveFromCart.RemoveFromCart()[pri:17, instance:tests.TestCase17_RemoveFromCart@31024624]" name="RemoveFromCart" class="tests.TestCase17_RemoveFromCart"/>
        <method signature="TestCase19_invalidEmail.LoginWithInvalidEmail()[pri:19, instance:tests.TestCase19_invalidEmail@32cb636e]" name="LoginWithInvalidEmail" class="tests.TestCase19_invalidEmail"/>
      </group> <!-- smoke -->
      <group name="BaseClss">
        <method signature="TestCase2_invalidLogin.loginWithInvalidPassword()[pri:2, instance:tests.TestCase2_invalidLogin@439a8f59]" name="loginWithInvalidPassword" class="tests.TestCase2_invalidLogin"/>
        <method signature="TestCase15_editAddress.editAddress()[pri:15, instance:tests.TestCase15_editAddress@6c6357f9]" name="editAddress" class="tests.TestCase15_editAddress"/>
        <method signature="TestCase17_RemoveFromCart.RemoveFromCart()[pri:17, instance:tests.TestCase17_RemoveFromCart@31024624]" name="RemoveFromCart" class="tests.TestCase17_RemoveFromCart"/>
        <method signature="TestCase19_invalidEmail.LoginWithInvalidEmail()[pri:19, instance:tests.TestCase19_invalidEmail@32cb636e]" name="LoginWithInvalidEmail" class="tests.TestCase19_invalidEmail"/>
      </group> <!-- BaseClss -->
    </groups>
    <test started-at="2022-09-21T04:27:14 CAT" name="Test" finished-at="2022-09-21T04:28:54 CAT" duration-ms="99651">
      <class name="tests.TestCase15_editAddress">
        <test-method is-config="true" signature="Setup()[pri:0, instance:tests.TestCase15_editAddress@6c6357f9]" started-at="2022-09-21T04:28:13 CAT" name="Setup" finished-at="2022-09-21T04:28:21 CAT" duration-ms="7880" status="PASS">
          <reporter-output>
          </reporter-output>
        </test-method> <!-- Setup -->
        <test-method signature="editAddress()[pri:15, instance:tests.TestCase15_editAddress@6c6357f9]" started-at="2022-09-21T04:28:21 CAT" name="editAddress" finished-at="2022-09-21T04:28:52 CAT" duration-ms="31028" status="PASS">
          <reporter-output>
          </reporter-output>
        </test-method> <!-- editAddress -->
        <test-method is-config="true" signature="tearDown()[pri:0, instance:tests.TestCase15_editAddress@6c6357f9]" started-at="2022-09-21T04:28:52 CAT" name="tearDown" finished-at="2022-09-21T04:28:54 CAT" duration-ms="1345" status="PASS">
          <reporter-output>
          </reporter-output>
        </test-method> <!-- tearDown -->
      </class> <!-- tests.TestCase15_editAddress -->
      <class name="tests.TestCase12_Sell">
        <test-method is-config="true" signature="reportSetup()[pri:0, instance:tests.TestCase12_Sell@f9879ac]" started-at="2022-09-21T04:27:14 CAT" name="reportSetup" finished-at="2022-09-21T04:27:14 CAT" duration-ms="330" status="PASS">
          <reporter-output>
          </reporter-output>
        </test-method> <!-- reportSetup -->
        <test-method is-config="true" signature="reportTearDown()[pri:0, instance:tests.TestCase12_Sell@f9879ac]" started-at="2022-09-21T04:28:54 CAT" name="reportTearDown" finished-at="2022-09-21T04:28:54 CAT" duration-ms="535" status="PASS">
          <reporter-output>
          </reporter-output>
        </test-method> <!-- reportTearDown -->
      </class> <!-- tests.TestCase12_Sell -->
      <class name="tests.TestCase2_invalidLogin">
        <test-method is-config="true" signature="Setup()[pri:0, instance:tests.TestCase2_invalidLogin@439a8f59]" started-at="2022-09-21T04:27:14 CAT" name="Setup" finished-at="2022-09-21T04:27:26 CAT" duration-ms="11674" status="PASS">
          <reporter-output>
          </reporter-output>
        </test-method> <!-- Setup -->
        <test-method signature="loginWithInvalidPassword()[pri:2, instance:tests.TestCase2_invalidLogin@439a8f59]" started-at="2022-09-21T04:27:26 CAT" name="loginWithInvalidPassword" finished-at="2022-09-21T04:27:35 CAT" duration-ms="9396" status="PASS">
          <reporter-output>
          </reporter-output>
        </test-method> <!-- loginWithInvalidPassword -->
        <test-method is-config="true" signature="tearDown()[pri:0, instance:tests.TestCase2_invalidLogin@439a8f59]" started-at="2022-09-21T04:27:35 CAT" name="tearDown" finished-at="2022-09-21T04:27:37 CAT" duration-ms="1443" status="PASS">
          <reporter-output>
          </reporter-output>
        </test-method> <!-- tearDown -->
      </class> <!-- tests.TestCase2_invalidLogin -->
      <class name="tests.TestCase17_RemoveFromCart">
        <test-method is-config="true" signature="Setup()[pri:0, instance:tests.TestCase17_RemoveFromCart@31024624]" started-at="2022-09-21T04:27:37 CAT" name="Setup" finished-at="2022-09-21T04:27:44 CAT" duration-ms="7820" status="PASS">
          <reporter-output>
          </reporter-output>
        </test-method> <!-- Setup -->
        <test-method signature="RemoveFromCart()[pri:17, instance:tests.TestCase17_RemoveFromCart@31024624]" started-at="2022-09-21T04:27:44 CAT" name="RemoveFromCart" finished-at="2022-09-21T04:27:57 CAT" duration-ms="13012" status="PASS">
          <reporter-output>
          </reporter-output>
        </test-method> <!-- RemoveFromCart -->
        <test-method is-config="true" signature="tearDown()[pri:0, instance:tests.TestCase17_RemoveFromCart@31024624]" started-at="2022-09-21T04:27:57 CAT" name="tearDown" finished-at="2022-09-21T04:27:59 CAT" duration-ms="1547" status="PASS">
          <reporter-output>
          </reporter-output>
        </test-method> <!-- tearDown -->
      </class> <!-- tests.TestCase17_RemoveFromCart -->
      <class name="tests.TestCase19_invalidEmail">
        <test-method is-config="true" signature="Setup()[pri:0, instance:tests.TestCase19_invalidEmail@32cb636e]" started-at="2022-09-21T04:27:59 CAT" name="Setup" finished-at="2022-09-21T04:28:06 CAT" duration-ms="7474" status="PASS">
          <reporter-output>
          </reporter-output>
        </test-method> <!-- Setup -->
        <test-method signature="LoginWithInvalidEmail()[pri:19, instance:tests.TestCase19_invalidEmail@32cb636e]" started-at="2022-09-21T04:28:06 CAT" name="LoginWithInvalidEmail" finished-at="2022-09-21T04:28:10 CAT" duration-ms="3755" status="PASS">
          <reporter-output>
          </reporter-output>
        </test-method> <!-- LoginWithInvalidEmail -->
        <test-method is-config="true" signature="tearDown()[pri:0, instance:tests.TestCase19_invalidEmail@32cb636e]" started-at="2022-09-21T04:28:10 CAT" name="tearDown" finished-at="2022-09-21T04:28:13 CAT" duration-ms="3167" status="PASS">
          <reporter-output>
          </reporter-output>
        </test-method> <!-- tearDown -->
      </class> <!-- tests.TestCase19_invalidEmail -->
    </test> <!-- Test -->
  </suite> <!-- Suite -->
</testng-results>
